State 70 conflicts: 2 shift/reduce
State 101 conflicts: 2 shift/reduce
State 102 conflicts: 2 shift/reduce
State 114 conflicts: 1 shift/reduce
State 159 conflicts: 2 shift/reduce
State 205 conflicts: 1 shift/reduce


Grammar

    0 $accept: MiniCpp $end

    1 MiniCpp: MiniCppList

    2 MiniCppList: /* empty */
    3            | MiniCppList ConstDef
    4            | MiniCppList VarDef
    5            | MiniCppList FuncDecl
    6            | MiniCppList FuncDef
    7            | MiniCppList ';'

    8 ConstDef: CONST Type IDENT Init IdentList ';'

    9 IdentList: /* empty */
   10          | IdentList ',' IDENT Init

   11 Init: '=' FALSE
   12     | '=' TRUE
   13     | '=' NULLPTR
   14     | '=' '+' NUMBER
   15     | '=' '-' NUMBER

   16 VarDef: Type VarDefIdent VarDefIdentList ';'

   17 VarDefIdentList: /* empty */
   18                | VarDefIdentList ',' VarDefIdent

   19 VarDefIdent: '*' IDENT Init
   20            | IDENT
   21            | '*' IDENT
   22            | IDENT Init

   23 FuncDecl: FuncHead ';'

   24 FuncDef: FuncHead Block

   25 FuncHead: Type '*' IDENT '(' ')'
   26         | Type IDENT '(' ')'
   27         | Type IDENT '(' FormParList ')'
   28         | Type '*' IDENT '(' FormParList ')'

   29 FormParList: VOID
   30            | TypeIdent TypeIdentList

   31 TypeIdentList: /* empty */
   32              | TypeIdentList ',' TypeIdent

   33 TypeIdent: Type '*' IDENT '[' ']'
   34          | Type '*' IDENT
   35          | Type IDENT '[' ']'

   36 Type: VOID
   37     | BOOL
   38     | INT

   39 Block: '{' BlockList '}'

   40 BlockList: /* empty */
   41          | BlockList ConstDef
   42          | BlockList VarDef
   43          | BlockList Stat

   44 Stat: EmptyStat
   45     | BlockStat
   46     | ExprStat
   47     | IfStat
   48     | WhileStat
   49     | BreakStat
   50     | InputStat
   51     | OutputStat
   52     | DeleteStat
   53     | ReturnStat

   54 EmptyStat: ';'

   55 BlockStat: Block

   56 ExprStat: Expr

   57 IfStat: IF '(' Expr ')' Stat StatList

   58 StatList: /* empty */
   59         | StatList ELSE Stat

   60 WhileStat: WHILE '(' Expr ')'

   61 BreakStat: BREAK ';'

   62 InputStat: CIN OPSHIFTRIGHT IDENT ';'

   63 OutputStat: COUT CoutRight CoutRightList ';'

   64 CoutRightList: /* empty */
   65              | CoutRightList CoutRight

   66 CoutRight: OPSHIFTLEFT Expr
   67          | OPSHIFTLEFT STRING
   68          | OPSHIFTLEFT ENDL

   69 DeleteStat: DELETE '[' ']' IDENT ';'

   70 ReturnStat: RETURN ';'
   71           | RETURN Expr ';'

   72 Expr: OrExpr OrExprList

   73 OrExprList: /* empty */
   74           | OrExprList '=' OrExpr
   75           | OrExprList ADDASSIGN OrExpr
   76           | OrExprList SUBTRACTASSIGN OrExpr
   77           | OrExprList MULTIPLYASSIGN OrExpr
   78           | OrExprList DIVIDEASSIGN OrExpr
   79           | OrExprList MODULOASSIGN OrExpr

   80 OrExpr: AndExpr AndExprList

   81 AndExprList: /* empty */
   82            | AndExprList LOGICALOR AndExpr

   83 AndExpr: RelExpr RelExprList

   84 RelExprList: /* empty */
   85            | RelExprList LOGICALAND RelExpr

   86 RelExpr: SimpleExpr SimpleExprList

   87 SimpleExprList: /* empty */
   88               | SimpleExprList OPEQUAL SimpleExpr
   89               | SimpleExprList OPNOTEQUAL SimpleExpr
   90               | SimpleExprList OPLESS SimpleExpr
   91               | SimpleExprList OPLESSEQUAL SimpleExpr
   92               | SimpleExprList OPGREATER SimpleExpr
   93               | SimpleExprList OPGREATEREQUAL SimpleExpr

   94 SimpleExpr: '+' TermList
   95           | '-' TermList
   96           | TermList

   97 TermList: Term
   98         | TermList '+' Term
   99         | TermList '-' Term

  100 Term: NotFact NotFactList

  101 NotFactList: /* empty */
  102            | NotFactList '*' NotFact
  103            | NotFactList '/' NotFact
  104            | NotFactList '%' NotFact

  105 NotFact: Fact
  106        | '!' Fact

  107 Fact: FALSE
  108     | TRUE
  109     | NULLPTR
  110     | NUMBER
  111     | DudeWtf
  112     | NEW Type '[' Expr ']'
  113     | '(' Expr ')'

  114 DudeWtf: OptDecrOrIncr IDENT WeirdIdentShit OptDecrOrIncr

  115 WeirdIdentShit: /* empty */
  116               | '[' Expr ']'
  117               | '(' ActParList ')'
  118               | '(' ')'

  119 OptDecrOrIncr: /* empty */
  120              | OPINCREMENT
  121              | OPDECREMENT

  122 ActParList: Expr ExprList

  123 ExprList: /* empty */
  124         | ExprList ',' Expr


Terminals, with rules where they appear

$end (0) 0
'!' (33) 106
'%' (37) 104
'(' (40) 25 26 27 28 57 60 113 117 118
')' (41) 25 26 27 28 57 60 113 117 118
'*' (42) 19 21 25 28 33 34 102
'+' (43) 14 94 98
',' (44) 10 18 32 124
'-' (45) 15 95 99
'/' (47) 103
';' (59) 7 8 16 23 54 61 62 63 69 70 71
'=' (61) 11 12 13 14 15 74
'[' (91) 33 35 69 112 116
']' (93) 33 35 69 112 116
'{' (123) 39
'}' (125) 39
error (256)
NUMBER (258) 14 15 110
STRING (259) 67
IDENT (260) 8 10 19 20 21 22 25 26 27 28 33 34 35 62 69 114
CONST (261) 8
FALSE (262) 11 107
TRUE (263) 12 108
NULLPTR (264) 13 109
VOID (265) 29 36
BOOL (266) 37
INT (267) 38
IF (268) 57
ELSE (269) 59
WHILE (270) 60
BREAK (271) 61
CIN (272) 62
COUT (273) 63
ENDL (274) 68
DELETE (275) 69
RETURN (276) 70 71
NEW (277) 112
LOGICALAND (278) 85
LOGICALOR (279) 82
ADDASSIGN (280) 75
SUBTRACTASSIGN (281) 76
MULTIPLYASSIGN (282) 77
DIVIDEASSIGN (283) 78
MODULOASSIGN (284) 79
OPINCREMENT (285) 120
OPDECREMENT (286) 121
OPSHIFTLEFT (287) 66 67 68
OPSHIFTRIGHT (288) 62
OPEQUAL (289) 88
OPNOTEQUAL (290) 89
OPLESS (291) 90
OPLESSEQUAL (292) 91
OPGREATER (293) 92
OPGREATEREQUAL (294) 93


Nonterminals, with rules where they appear

$accept (55)
    on left: 0
MiniCpp (56)
    on left: 1, on right: 0
MiniCppList (57)
    on left: 2 3 4 5 6 7, on right: 1 3 4 5 6 7
ConstDef (58)
    on left: 8, on right: 3 41
IdentList (59)
    on left: 9 10, on right: 8 10
Init (60)
    on left: 11 12 13 14 15, on right: 8 10 19 22
VarDef (61)
    on left: 16, on right: 4 42
VarDefIdentList (62)
    on left: 17 18, on right: 16 18
VarDefIdent (63)
    on left: 19 20 21 22, on right: 16 18
FuncDecl (64)
    on left: 23, on right: 5
FuncDef (65)
    on left: 24, on right: 6
FuncHead (66)
    on left: 25 26 27 28, on right: 23 24
FormParList (67)
    on left: 29 30, on right: 27 28
TypeIdentList (68)
    on left: 31 32, on right: 30 32
TypeIdent (69)
    on left: 33 34 35, on right: 30 32
Type (70)
    on left: 36 37 38, on right: 8 16 25 26 27 28 33 34 35 112
Block (71)
    on left: 39, on right: 24 55
BlockList (72)
    on left: 40 41 42 43, on right: 39 41 42 43
Stat (73)
    on left: 44 45 46 47 48 49 50 51 52 53, on right: 43 57 59
EmptyStat (74)
    on left: 54, on right: 44
BlockStat (75)
    on left: 55, on right: 45
ExprStat (76)
    on left: 56, on right: 46
IfStat (77)
    on left: 57, on right: 47
StatList (78)
    on left: 58 59, on right: 57 59
WhileStat (79)
    on left: 60, on right: 48
BreakStat (80)
    on left: 61, on right: 49
InputStat (81)
    on left: 62, on right: 50
OutputStat (82)
    on left: 63, on right: 51
CoutRightList (83)
    on left: 64 65, on right: 63 65
CoutRight (84)
    on left: 66 67 68, on right: 63 65
DeleteStat (85)
    on left: 69, on right: 52
ReturnStat (86)
    on left: 70 71, on right: 53
Expr (87)
    on left: 72, on right: 56 57 60 66 71 112 113 116 122 124
OrExprList (88)
    on left: 73 74 75 76 77 78 79, on right: 72 74 75 76 77 78 79
OrExpr (89)
    on left: 80, on right: 72 74 75 76 77 78 79
AndExprList (90)
    on left: 81 82, on right: 80 82
AndExpr (91)
    on left: 83, on right: 80 82
RelExprList (92)
    on left: 84 85, on right: 83 85
RelExpr (93)
    on left: 86, on right: 83 85
SimpleExprList (94)
    on left: 87 88 89 90 91 92 93, on right: 86 88 89 90 91 92 93
SimpleExpr (95)
    on left: 94 95 96, on right: 86 88 89 90 91 92 93
TermList (96)
    on left: 97 98 99, on right: 94 95 96 98 99
Term (97)
    on left: 100, on right: 97 98 99
NotFactList (98)
    on left: 101 102 103 104, on right: 100 102 103 104
NotFact (99)
    on left: 105 106, on right: 100 102 103 104
Fact (100)
    on left: 107 108 109 110 111 112 113, on right: 105 106
DudeWtf (101)
    on left: 114, on right: 111
WeirdIdentShit (102)
    on left: 115 116 117 118, on right: 114
OptDecrOrIncr (103)
    on left: 119 120 121, on right: 114
ActParList (104)
    on left: 122, on right: 117
ExprList (105)
    on left: 123 124, on right: 122 124


State 0

    0 $accept: . MiniCpp $end

    $default  reduce using rule 2 (MiniCppList)

    MiniCpp      go to state 1
    MiniCppList  go to state 2


State 1

    0 $accept: MiniCpp . $end

    $end  shift, and go to state 3


State 2

    1 MiniCpp: MiniCppList .
    3 MiniCppList: MiniCppList . ConstDef
    4            | MiniCppList . VarDef
    5            | MiniCppList . FuncDecl
    6            | MiniCppList . FuncDef
    7            | MiniCppList . ';'

    CONST  shift, and go to state 4
    VOID   shift, and go to state 5
    BOOL   shift, and go to state 6
    INT    shift, and go to state 7
    ';'    shift, and go to state 8

    $default  reduce using rule 1 (MiniCpp)

    ConstDef  go to state 9
    VarDef    go to state 10
    FuncDecl  go to state 11
    FuncDef   go to state 12
    FuncHead  go to state 13
    Type      go to state 14


State 3

    0 $accept: MiniCpp $end .

    $default  accept


State 4

    8 ConstDef: CONST . Type IDENT Init IdentList ';'

    VOID  shift, and go to state 5
    BOOL  shift, and go to state 6
    INT   shift, and go to state 7

    Type  go to state 15


State 5

   36 Type: VOID .

    $default  reduce using rule 36 (Type)


State 6

   37 Type: BOOL .

    $default  reduce using rule 37 (Type)


State 7

   38 Type: INT .

    $default  reduce using rule 38 (Type)


State 8

    7 MiniCppList: MiniCppList ';' .

    $default  reduce using rule 7 (MiniCppList)


State 9

    3 MiniCppList: MiniCppList ConstDef .

    $default  reduce using rule 3 (MiniCppList)


State 10

    4 MiniCppList: MiniCppList VarDef .

    $default  reduce using rule 4 (MiniCppList)


State 11

    5 MiniCppList: MiniCppList FuncDecl .

    $default  reduce using rule 5 (MiniCppList)


State 12

    6 MiniCppList: MiniCppList FuncDef .

    $default  reduce using rule 6 (MiniCppList)


State 13

   23 FuncDecl: FuncHead . ';'
   24 FuncDef: FuncHead . Block

    ';'  shift, and go to state 16
    '{'  shift, and go to state 17

    Block  go to state 18


State 14

   16 VarDef: Type . VarDefIdent VarDefIdentList ';'
   25 FuncHead: Type . '*' IDENT '(' ')'
   26         | Type . IDENT '(' ')'
   27         | Type . IDENT '(' FormParList ')'
   28         | Type . '*' IDENT '(' FormParList ')'

    IDENT  shift, and go to state 19
    '*'    shift, and go to state 20

    VarDefIdent  go to state 21


State 15

    8 ConstDef: CONST Type . IDENT Init IdentList ';'

    IDENT  shift, and go to state 22


State 16

   23 FuncDecl: FuncHead ';' .

    $default  reduce using rule 23 (FuncDecl)


State 17

   39 Block: '{' . BlockList '}'

    $default  reduce using rule 40 (BlockList)

    BlockList  go to state 23


State 18

   24 FuncDef: FuncHead Block .

    $default  reduce using rule 24 (FuncDef)


State 19

   20 VarDefIdent: IDENT .
   22            | IDENT . Init
   26 FuncHead: Type IDENT . '(' ')'
   27         | Type IDENT . '(' FormParList ')'

    '='  shift, and go to state 24
    '('  shift, and go to state 25

    $default  reduce using rule 20 (VarDefIdent)

    Init  go to state 26


State 20

   19 VarDefIdent: '*' . IDENT Init
   21            | '*' . IDENT
   25 FuncHead: Type '*' . IDENT '(' ')'
   28         | Type '*' . IDENT '(' FormParList ')'

    IDENT  shift, and go to state 27


State 21

   16 VarDef: Type VarDefIdent . VarDefIdentList ';'

    $default  reduce using rule 17 (VarDefIdentList)

    VarDefIdentList  go to state 28


State 22

    8 ConstDef: CONST Type IDENT . Init IdentList ';'

    '='  shift, and go to state 24

    Init  go to state 29


State 23

   39 Block: '{' BlockList . '}'
   41 BlockList: BlockList . ConstDef
   42          | BlockList . VarDef
   43          | BlockList . Stat

    NUMBER       shift, and go to state 30
    CONST        shift, and go to state 4
    FALSE        shift, and go to state 31
    TRUE         shift, and go to state 32
    NULLPTR      shift, and go to state 33
    VOID         shift, and go to state 5
    BOOL         shift, and go to state 6
    INT          shift, and go to state 7
    IF           shift, and go to state 34
    WHILE        shift, and go to state 35
    BREAK        shift, and go to state 36
    CIN          shift, and go to state 37
    COUT         shift, and go to state 38
    DELETE       shift, and go to state 39
    RETURN       shift, and go to state 40
    NEW          shift, and go to state 41
    OPINCREMENT  shift, and go to state 42
    OPDECREMENT  shift, and go to state 43
    ';'          shift, and go to state 44
    '+'          shift, and go to state 45
    '-'          shift, and go to state 46
    '('          shift, and go to state 47
    '{'          shift, and go to state 17
    '}'          shift, and go to state 48
    '!'          shift, and go to state 49

    $default  reduce using rule 119 (OptDecrOrIncr)

    ConstDef       go to state 50
    VarDef         go to state 51
    Type           go to state 52
    Block          go to state 53
    Stat           go to state 54
    EmptyStat      go to state 55
    BlockStat      go to state 56
    ExprStat       go to state 57
    IfStat         go to state 58
    WhileStat      go to state 59
    BreakStat      go to state 60
    InputStat      go to state 61
    OutputStat     go to state 62
    DeleteStat     go to state 63
    ReturnStat     go to state 64
    Expr           go to state 65
    OrExpr         go to state 66
    AndExpr        go to state 67
    RelExpr        go to state 68
    SimpleExpr     go to state 69
    TermList       go to state 70
    Term           go to state 71
    NotFact        go to state 72
    Fact           go to state 73
    DudeWtf        go to state 74
    OptDecrOrIncr  go to state 75


State 24

   11 Init: '=' . FALSE
   12     | '=' . TRUE
   13     | '=' . NULLPTR
   14     | '=' . '+' NUMBER
   15     | '=' . '-' NUMBER

    FALSE    shift, and go to state 76
    TRUE     shift, and go to state 77
    NULLPTR  shift, and go to state 78
    '+'      shift, and go to state 79
    '-'      shift, and go to state 80


State 25

   26 FuncHead: Type IDENT '(' . ')'
   27         | Type IDENT '(' . FormParList ')'

    VOID  shift, and go to state 81
    BOOL  shift, and go to state 6
    INT   shift, and go to state 7
    ')'   shift, and go to state 82

    FormParList  go to state 83
    TypeIdent    go to state 84
    Type         go to state 85


State 26

   22 VarDefIdent: IDENT Init .

    $default  reduce using rule 22 (VarDefIdent)


State 27

   19 VarDefIdent: '*' IDENT . Init
   21            | '*' IDENT .
   25 FuncHead: Type '*' IDENT . '(' ')'
   28         | Type '*' IDENT . '(' FormParList ')'

    '='  shift, and go to state 24
    '('  shift, and go to state 86

    $default  reduce using rule 21 (VarDefIdent)

    Init  go to state 87


State 28

   16 VarDef: Type VarDefIdent VarDefIdentList . ';'
   18 VarDefIdentList: VarDefIdentList . ',' VarDefIdent

    ';'  shift, and go to state 88
    ','  shift, and go to state 89


State 29

    8 ConstDef: CONST Type IDENT Init . IdentList ';'

    $default  reduce using rule 9 (IdentList)

    IdentList  go to state 90


State 30

  110 Fact: NUMBER .

    $default  reduce using rule 110 (Fact)


State 31

  107 Fact: FALSE .

    $default  reduce using rule 107 (Fact)


State 32

  108 Fact: TRUE .

    $default  reduce using rule 108 (Fact)


State 33

  109 Fact: NULLPTR .

    $default  reduce using rule 109 (Fact)


State 34

   57 IfStat: IF . '(' Expr ')' Stat StatList

    '('  shift, and go to state 91


State 35

   60 WhileStat: WHILE . '(' Expr ')'

    '('  shift, and go to state 92


State 36

   61 BreakStat: BREAK . ';'

    ';'  shift, and go to state 93


State 37

   62 InputStat: CIN . OPSHIFTRIGHT IDENT ';'

    OPSHIFTRIGHT  shift, and go to state 94


State 38

   63 OutputStat: COUT . CoutRight CoutRightList ';'

    OPSHIFTLEFT  shift, and go to state 95

    CoutRight  go to state 96


State 39

   69 DeleteStat: DELETE . '[' ']' IDENT ';'

    '['  shift, and go to state 97


State 40

   70 ReturnStat: RETURN . ';'
   71           | RETURN . Expr ';'

    NUMBER       shift, and go to state 30
    FALSE        shift, and go to state 31
    TRUE         shift, and go to state 32
    NULLPTR      shift, and go to state 33
    NEW          shift, and go to state 41
    OPINCREMENT  shift, and go to state 42
    OPDECREMENT  shift, and go to state 43
    ';'          shift, and go to state 98
    '+'          shift, and go to state 45
    '-'          shift, and go to state 46
    '('          shift, and go to state 47
    '!'          shift, and go to state 49

    $default  reduce using rule 119 (OptDecrOrIncr)

    Expr           go to state 99
    OrExpr         go to state 66
    AndExpr        go to state 67
    RelExpr        go to state 68
    SimpleExpr     go to state 69
    TermList       go to state 70
    Term           go to state 71
    NotFact        go to state 72
    Fact           go to state 73
    DudeWtf        go to state 74
    OptDecrOrIncr  go to state 75


State 41

  112 Fact: NEW . Type '[' Expr ']'

    VOID  shift, and go to state 5
    BOOL  shift, and go to state 6
    INT   shift, and go to state 7

    Type  go to state 100


State 42

  120 OptDecrOrIncr: OPINCREMENT .

    $default  reduce using rule 120 (OptDecrOrIncr)


State 43

  121 OptDecrOrIncr: OPDECREMENT .

    $default  reduce using rule 121 (OptDecrOrIncr)


State 44

   54 EmptyStat: ';' .

    $default  reduce using rule 54 (EmptyStat)


State 45

   94 SimpleExpr: '+' . TermList

    NUMBER       shift, and go to state 30
    FALSE        shift, and go to state 31
    TRUE         shift, and go to state 32
    NULLPTR      shift, and go to state 33
    NEW          shift, and go to state 41
    OPINCREMENT  shift, and go to state 42
    OPDECREMENT  shift, and go to state 43
    '('          shift, and go to state 47
    '!'          shift, and go to state 49

    $default  reduce using rule 119 (OptDecrOrIncr)

    TermList       go to state 101
    Term           go to state 71
    NotFact        go to state 72
    Fact           go to state 73
    DudeWtf        go to state 74
    OptDecrOrIncr  go to state 75


State 46

   95 SimpleExpr: '-' . TermList

    NUMBER       shift, and go to state 30
    FALSE        shift, and go to state 31
    TRUE         shift, and go to state 32
    NULLPTR      shift, and go to state 33
    NEW          shift, and go to state 41
    OPINCREMENT  shift, and go to state 42
    OPDECREMENT  shift, and go to state 43
    '('          shift, and go to state 47
    '!'          shift, and go to state 49

    $default  reduce using rule 119 (OptDecrOrIncr)

    TermList       go to state 102
    Term           go to state 71
    NotFact        go to state 72
    Fact           go to state 73
    DudeWtf        go to state 74
    OptDecrOrIncr  go to state 75


State 47

  113 Fact: '(' . Expr ')'

    NUMBER       shift, and go to state 30
    FALSE        shift, and go to state 31
    TRUE         shift, and go to state 32
    NULLPTR      shift, and go to state 33
    NEW          shift, and go to state 41
    OPINCREMENT  shift, and go to state 42
    OPDECREMENT  shift, and go to state 43
    '+'          shift, and go to state 45
    '-'          shift, and go to state 46
    '('          shift, and go to state 47
    '!'          shift, and go to state 49

    $default  reduce using rule 119 (OptDecrOrIncr)

    Expr           go to state 103
    OrExpr         go to state 66
    AndExpr        go to state 67
    RelExpr        go to state 68
    SimpleExpr     go to state 69
    TermList       go to state 70
    Term           go to state 71
    NotFact        go to state 72
    Fact           go to state 73
    DudeWtf        go to state 74
    OptDecrOrIncr  go to state 75


State 48

   39 Block: '{' BlockList '}' .

    $default  reduce using rule 39 (Block)


State 49

  106 NotFact: '!' . Fact

    NUMBER       shift, and go to state 30
    FALSE        shift, and go to state 31
    TRUE         shift, and go to state 32
    NULLPTR      shift, and go to state 33
    NEW          shift, and go to state 41
    OPINCREMENT  shift, and go to state 42
    OPDECREMENT  shift, and go to state 43
    '('          shift, and go to state 47

    $default  reduce using rule 119 (OptDecrOrIncr)

    Fact           go to state 104
    DudeWtf        go to state 74
    OptDecrOrIncr  go to state 75


State 50

   41 BlockList: BlockList ConstDef .

    $default  reduce using rule 41 (BlockList)


State 51

   42 BlockList: BlockList VarDef .

    $default  reduce using rule 42 (BlockList)


State 52

   16 VarDef: Type . VarDefIdent VarDefIdentList ';'

    IDENT  shift, and go to state 105
    '*'    shift, and go to state 106

    VarDefIdent  go to state 21


State 53

   55 BlockStat: Block .

    $default  reduce using rule 55 (BlockStat)


State 54

   43 BlockList: BlockList Stat .

    $default  reduce using rule 43 (BlockList)


State 55

   44 Stat: EmptyStat .

    $default  reduce using rule 44 (Stat)


State 56

   45 Stat: BlockStat .

    $default  reduce using rule 45 (Stat)


State 57

   46 Stat: ExprStat .

    $default  reduce using rule 46 (Stat)


State 58

   47 Stat: IfStat .

    $default  reduce using rule 47 (Stat)


State 59

   48 Stat: WhileStat .

    $default  reduce using rule 48 (Stat)


State 60

   49 Stat: BreakStat .

    $default  reduce using rule 49 (Stat)


State 61

   50 Stat: InputStat .

    $default  reduce using rule 50 (Stat)


State 62

   51 Stat: OutputStat .

    $default  reduce using rule 51 (Stat)


State 63

   52 Stat: DeleteStat .

    $default  reduce using rule 52 (Stat)


State 64

   53 Stat: ReturnStat .

    $default  reduce using rule 53 (Stat)


State 65

   56 ExprStat: Expr .

    $default  reduce using rule 56 (ExprStat)


State 66

   72 Expr: OrExpr . OrExprList

    $default  reduce using rule 73 (OrExprList)

    OrExprList  go to state 107


State 67

   80 OrExpr: AndExpr . AndExprList

    $default  reduce using rule 81 (AndExprList)

    AndExprList  go to state 108


State 68

   83 AndExpr: RelExpr . RelExprList

    $default  reduce using rule 84 (RelExprList)

    RelExprList  go to state 109


State 69

   86 RelExpr: SimpleExpr . SimpleExprList

    $default  reduce using rule 87 (SimpleExprList)

    SimpleExprList  go to state 110


State 70

   96 SimpleExpr: TermList .
   98 TermList: TermList . '+' Term
   99         | TermList . '-' Term

    '+'  shift, and go to state 111
    '-'  shift, and go to state 112

    '+'       [reduce using rule 96 (SimpleExpr)]
    '-'       [reduce using rule 96 (SimpleExpr)]
    $default  reduce using rule 96 (SimpleExpr)


State 71

   97 TermList: Term .

    $default  reduce using rule 97 (TermList)


State 72

  100 Term: NotFact . NotFactList

    $default  reduce using rule 101 (NotFactList)

    NotFactList  go to state 113


State 73

  105 NotFact: Fact .

    $default  reduce using rule 105 (NotFact)


State 74

  111 Fact: DudeWtf .

    $default  reduce using rule 111 (Fact)


State 75

  114 DudeWtf: OptDecrOrIncr . IDENT WeirdIdentShit OptDecrOrIncr

    IDENT  shift, and go to state 114


State 76

   11 Init: '=' FALSE .

    $default  reduce using rule 11 (Init)


State 77

   12 Init: '=' TRUE .

    $default  reduce using rule 12 (Init)


State 78

   13 Init: '=' NULLPTR .

    $default  reduce using rule 13 (Init)


State 79

   14 Init: '=' '+' . NUMBER

    NUMBER  shift, and go to state 115


State 80

   15 Init: '=' '-' . NUMBER

    NUMBER  shift, and go to state 116


State 81

   29 FormParList: VOID .
   36 Type: VOID .

    ')'       reduce using rule 29 (FormParList)
    $default  reduce using rule 36 (Type)


State 82

   26 FuncHead: Type IDENT '(' ')' .

    $default  reduce using rule 26 (FuncHead)


State 83

   27 FuncHead: Type IDENT '(' FormParList . ')'

    ')'  shift, and go to state 117


State 84

   30 FormParList: TypeIdent . TypeIdentList

    $default  reduce using rule 31 (TypeIdentList)

    TypeIdentList  go to state 118


State 85

   33 TypeIdent: Type . '*' IDENT '[' ']'
   34          | Type . '*' IDENT
   35          | Type . IDENT '[' ']'

    IDENT  shift, and go to state 119
    '*'    shift, and go to state 120


State 86

   25 FuncHead: Type '*' IDENT '(' . ')'
   28         | Type '*' IDENT '(' . FormParList ')'

    VOID  shift, and go to state 81
    BOOL  shift, and go to state 6
    INT   shift, and go to state 7
    ')'   shift, and go to state 121

    FormParList  go to state 122
    TypeIdent    go to state 84
    Type         go to state 85


State 87

   19 VarDefIdent: '*' IDENT Init .

    $default  reduce using rule 19 (VarDefIdent)


State 88

   16 VarDef: Type VarDefIdent VarDefIdentList ';' .

    $default  reduce using rule 16 (VarDef)


State 89

   18 VarDefIdentList: VarDefIdentList ',' . VarDefIdent

    IDENT  shift, and go to state 105
    '*'    shift, and go to state 106

    VarDefIdent  go to state 123


State 90

    8 ConstDef: CONST Type IDENT Init IdentList . ';'
   10 IdentList: IdentList . ',' IDENT Init

    ';'  shift, and go to state 124
    ','  shift, and go to state 125


State 91

   57 IfStat: IF '(' . Expr ')' Stat StatList

    NUMBER       shift, and go to state 30
    FALSE        shift, and go to state 31
    TRUE         shift, and go to state 32
    NULLPTR      shift, and go to state 33
    NEW          shift, and go to state 41
    OPINCREMENT  shift, and go to state 42
    OPDECREMENT  shift, and go to state 43
    '+'          shift, and go to state 45
    '-'          shift, and go to state 46
    '('          shift, and go to state 47
    '!'          shift, and go to state 49

    $default  reduce using rule 119 (OptDecrOrIncr)

    Expr           go to state 126
    OrExpr         go to state 66
    AndExpr        go to state 67
    RelExpr        go to state 68
    SimpleExpr     go to state 69
    TermList       go to state 70
    Term           go to state 71
    NotFact        go to state 72
    Fact           go to state 73
    DudeWtf        go to state 74
    OptDecrOrIncr  go to state 75


State 92

   60 WhileStat: WHILE '(' . Expr ')'

    NUMBER       shift, and go to state 30
    FALSE        shift, and go to state 31
    TRUE         shift, and go to state 32
    NULLPTR      shift, and go to state 33
    NEW          shift, and go to state 41
    OPINCREMENT  shift, and go to state 42
    OPDECREMENT  shift, and go to state 43
    '+'          shift, and go to state 45
    '-'          shift, and go to state 46
    '('          shift, and go to state 47
    '!'          shift, and go to state 49

    $default  reduce using rule 119 (OptDecrOrIncr)

    Expr           go to state 127
    OrExpr         go to state 66
    AndExpr        go to state 67
    RelExpr        go to state 68
    SimpleExpr     go to state 69
    TermList       go to state 70
    Term           go to state 71
    NotFact        go to state 72
    Fact           go to state 73
    DudeWtf        go to state 74
    OptDecrOrIncr  go to state 75


State 93

   61 BreakStat: BREAK ';' .

    $default  reduce using rule 61 (BreakStat)


State 94

   62 InputStat: CIN OPSHIFTRIGHT . IDENT ';'

    IDENT  shift, and go to state 128


State 95

   66 CoutRight: OPSHIFTLEFT . Expr
   67          | OPSHIFTLEFT . STRING
   68          | OPSHIFTLEFT . ENDL

    NUMBER       shift, and go to state 30
    STRING       shift, and go to state 129
    FALSE        shift, and go to state 31
    TRUE         shift, and go to state 32
    NULLPTR      shift, and go to state 33
    ENDL         shift, and go to state 130
    NEW          shift, and go to state 41
    OPINCREMENT  shift, and go to state 42
    OPDECREMENT  shift, and go to state 43
    '+'          shift, and go to state 45
    '-'          shift, and go to state 46
    '('          shift, and go to state 47
    '!'          shift, and go to state 49

    $default  reduce using rule 119 (OptDecrOrIncr)

    Expr           go to state 131
    OrExpr         go to state 66
    AndExpr        go to state 67
    RelExpr        go to state 68
    SimpleExpr     go to state 69
    TermList       go to state 70
    Term           go to state 71
    NotFact        go to state 72
    Fact           go to state 73
    DudeWtf        go to state 74
    OptDecrOrIncr  go to state 75


State 96

   63 OutputStat: COUT CoutRight . CoutRightList ';'

    $default  reduce using rule 64 (CoutRightList)

    CoutRightList  go to state 132


State 97

   69 DeleteStat: DELETE '[' . ']' IDENT ';'

    ']'  shift, and go to state 133


State 98

   70 ReturnStat: RETURN ';' .

    $default  reduce using rule 70 (ReturnStat)


State 99

   71 ReturnStat: RETURN Expr . ';'

    ';'  shift, and go to state 134


State 100

  112 Fact: NEW Type . '[' Expr ']'

    '['  shift, and go to state 135


State 101

   94 SimpleExpr: '+' TermList .
   98 TermList: TermList . '+' Term
   99         | TermList . '-' Term

    '+'  shift, and go to state 111
    '-'  shift, and go to state 112

    '+'       [reduce using rule 94 (SimpleExpr)]
    '-'       [reduce using rule 94 (SimpleExpr)]
    $default  reduce using rule 94 (SimpleExpr)


State 102

   95 SimpleExpr: '-' TermList .
   98 TermList: TermList . '+' Term
   99         | TermList . '-' Term

    '+'  shift, and go to state 111
    '-'  shift, and go to state 112

    '+'       [reduce using rule 95 (SimpleExpr)]
    '-'       [reduce using rule 95 (SimpleExpr)]
    $default  reduce using rule 95 (SimpleExpr)


State 103

  113 Fact: '(' Expr . ')'

    ')'  shift, and go to state 136


State 104

  106 NotFact: '!' Fact .

    $default  reduce using rule 106 (NotFact)


State 105

   20 VarDefIdent: IDENT .
   22            | IDENT . Init

    '='  shift, and go to state 24

    $default  reduce using rule 20 (VarDefIdent)

    Init  go to state 26


State 106

   19 VarDefIdent: '*' . IDENT Init
   21            | '*' . IDENT

    IDENT  shift, and go to state 137


State 107

   72 Expr: OrExpr OrExprList .
   74 OrExprList: OrExprList . '=' OrExpr
   75           | OrExprList . ADDASSIGN OrExpr
   76           | OrExprList . SUBTRACTASSIGN OrExpr
   77           | OrExprList . MULTIPLYASSIGN OrExpr
   78           | OrExprList . DIVIDEASSIGN OrExpr
   79           | OrExprList . MODULOASSIGN OrExpr

    ADDASSIGN       shift, and go to state 138
    SUBTRACTASSIGN  shift, and go to state 139
    MULTIPLYASSIGN  shift, and go to state 140
    DIVIDEASSIGN    shift, and go to state 141
    MODULOASSIGN    shift, and go to state 142
    '='             shift, and go to state 143

    $default  reduce using rule 72 (Expr)


State 108

   80 OrExpr: AndExpr AndExprList .
   82 AndExprList: AndExprList . LOGICALOR AndExpr

    LOGICALOR  shift, and go to state 144

    $default  reduce using rule 80 (OrExpr)


State 109

   83 AndExpr: RelExpr RelExprList .
   85 RelExprList: RelExprList . LOGICALAND RelExpr

    LOGICALAND  shift, and go to state 145

    $default  reduce using rule 83 (AndExpr)


State 110

   86 RelExpr: SimpleExpr SimpleExprList .
   88 SimpleExprList: SimpleExprList . OPEQUAL SimpleExpr
   89               | SimpleExprList . OPNOTEQUAL SimpleExpr
   90               | SimpleExprList . OPLESS SimpleExpr
   91               | SimpleExprList . OPLESSEQUAL SimpleExpr
   92               | SimpleExprList . OPGREATER SimpleExpr
   93               | SimpleExprList . OPGREATEREQUAL SimpleExpr

    OPEQUAL         shift, and go to state 146
    OPNOTEQUAL      shift, and go to state 147
    OPLESS          shift, and go to state 148
    OPLESSEQUAL     shift, and go to state 149
    OPGREATER       shift, and go to state 150
    OPGREATEREQUAL  shift, and go to state 151

    $default  reduce using rule 86 (RelExpr)


State 111

   98 TermList: TermList '+' . Term

    NUMBER       shift, and go to state 30
    FALSE        shift, and go to state 31
    TRUE         shift, and go to state 32
    NULLPTR      shift, and go to state 33
    NEW          shift, and go to state 41
    OPINCREMENT  shift, and go to state 42
    OPDECREMENT  shift, and go to state 43
    '('          shift, and go to state 47
    '!'          shift, and go to state 49

    $default  reduce using rule 119 (OptDecrOrIncr)

    Term           go to state 152
    NotFact        go to state 72
    Fact           go to state 73
    DudeWtf        go to state 74
    OptDecrOrIncr  go to state 75


State 112

   99 TermList: TermList '-' . Term

    NUMBER       shift, and go to state 30
    FALSE        shift, and go to state 31
    TRUE         shift, and go to state 32
    NULLPTR      shift, and go to state 33
    NEW          shift, and go to state 41
    OPINCREMENT  shift, and go to state 42
    OPDECREMENT  shift, and go to state 43
    '('          shift, and go to state 47
    '!'          shift, and go to state 49

    $default  reduce using rule 119 (OptDecrOrIncr)

    Term           go to state 153
    NotFact        go to state 72
    Fact           go to state 73
    DudeWtf        go to state 74
    OptDecrOrIncr  go to state 75


State 113

  100 Term: NotFact NotFactList .
  102 NotFactList: NotFactList . '*' NotFact
  103            | NotFactList . '/' NotFact
  104            | NotFactList . '%' NotFact

    '*'  shift, and go to state 154
    '/'  shift, and go to state 155
    '%'  shift, and go to state 156

    $default  reduce using rule 100 (Term)


State 114

  114 DudeWtf: OptDecrOrIncr IDENT . WeirdIdentShit OptDecrOrIncr

    '('  shift, and go to state 157
    '['  shift, and go to state 158

    '('       [reduce using rule 115 (WeirdIdentShit)]
    $default  reduce using rule 115 (WeirdIdentShit)

    WeirdIdentShit  go to state 159


State 115

   14 Init: '=' '+' NUMBER .

    $default  reduce using rule 14 (Init)


State 116

   15 Init: '=' '-' NUMBER .

    $default  reduce using rule 15 (Init)


State 117

   27 FuncHead: Type IDENT '(' FormParList ')' .

    $default  reduce using rule 27 (FuncHead)


State 118

   30 FormParList: TypeIdent TypeIdentList .
   32 TypeIdentList: TypeIdentList . ',' TypeIdent

    ','  shift, and go to state 160

    $default  reduce using rule 30 (FormParList)


State 119

   35 TypeIdent: Type IDENT . '[' ']'

    '['  shift, and go to state 161


State 120

   33 TypeIdent: Type '*' . IDENT '[' ']'
   34          | Type '*' . IDENT

    IDENT  shift, and go to state 162


State 121

   25 FuncHead: Type '*' IDENT '(' ')' .

    $default  reduce using rule 25 (FuncHead)


State 122

   28 FuncHead: Type '*' IDENT '(' FormParList . ')'

    ')'  shift, and go to state 163


State 123

   18 VarDefIdentList: VarDefIdentList ',' VarDefIdent .

    $default  reduce using rule 18 (VarDefIdentList)


State 124

    8 ConstDef: CONST Type IDENT Init IdentList ';' .

    $default  reduce using rule 8 (ConstDef)


State 125

   10 IdentList: IdentList ',' . IDENT Init

    IDENT  shift, and go to state 164


State 126

   57 IfStat: IF '(' Expr . ')' Stat StatList

    ')'  shift, and go to state 165


State 127

   60 WhileStat: WHILE '(' Expr . ')'

    ')'  shift, and go to state 166


State 128

   62 InputStat: CIN OPSHIFTRIGHT IDENT . ';'

    ';'  shift, and go to state 167


State 129

   67 CoutRight: OPSHIFTLEFT STRING .

    $default  reduce using rule 67 (CoutRight)


State 130

   68 CoutRight: OPSHIFTLEFT ENDL .

    $default  reduce using rule 68 (CoutRight)


State 131

   66 CoutRight: OPSHIFTLEFT Expr .

    $default  reduce using rule 66 (CoutRight)


State 132

   63 OutputStat: COUT CoutRight CoutRightList . ';'
   65 CoutRightList: CoutRightList . CoutRight

    OPSHIFTLEFT  shift, and go to state 95
    ';'          shift, and go to state 168

    CoutRight  go to state 169


State 133

   69 DeleteStat: DELETE '[' ']' . IDENT ';'

    IDENT  shift, and go to state 170


State 134

   71 ReturnStat: RETURN Expr ';' .

    $default  reduce using rule 71 (ReturnStat)


State 135

  112 Fact: NEW Type '[' . Expr ']'

    NUMBER       shift, and go to state 30
    FALSE        shift, and go to state 31
    TRUE         shift, and go to state 32
    NULLPTR      shift, and go to state 33
    NEW          shift, and go to state 41
    OPINCREMENT  shift, and go to state 42
    OPDECREMENT  shift, and go to state 43
    '+'          shift, and go to state 45
    '-'          shift, and go to state 46
    '('          shift, and go to state 47
    '!'          shift, and go to state 49

    $default  reduce using rule 119 (OptDecrOrIncr)

    Expr           go to state 171
    OrExpr         go to state 66
    AndExpr        go to state 67
    RelExpr        go to state 68
    SimpleExpr     go to state 69
    TermList       go to state 70
    Term           go to state 71
    NotFact        go to state 72
    Fact           go to state 73
    DudeWtf        go to state 74
    OptDecrOrIncr  go to state 75


State 136

  113 Fact: '(' Expr ')' .

    $default  reduce using rule 113 (Fact)


State 137

   19 VarDefIdent: '*' IDENT . Init
   21            | '*' IDENT .

    '='  shift, and go to state 24

    $default  reduce using rule 21 (VarDefIdent)

    Init  go to state 87


State 138

   75 OrExprList: OrExprList ADDASSIGN . OrExpr

    NUMBER       shift, and go to state 30
    FALSE        shift, and go to state 31
    TRUE         shift, and go to state 32
    NULLPTR      shift, and go to state 33
    NEW          shift, and go to state 41
    OPINCREMENT  shift, and go to state 42
    OPDECREMENT  shift, and go to state 43
    '+'          shift, and go to state 45
    '-'          shift, and go to state 46
    '('          shift, and go to state 47
    '!'          shift, and go to state 49

    $default  reduce using rule 119 (OptDecrOrIncr)

    OrExpr         go to state 172
    AndExpr        go to state 67
    RelExpr        go to state 68
    SimpleExpr     go to state 69
    TermList       go to state 70
    Term           go to state 71
    NotFact        go to state 72
    Fact           go to state 73
    DudeWtf        go to state 74
    OptDecrOrIncr  go to state 75


State 139

   76 OrExprList: OrExprList SUBTRACTASSIGN . OrExpr

    NUMBER       shift, and go to state 30
    FALSE        shift, and go to state 31
    TRUE         shift, and go to state 32
    NULLPTR      shift, and go to state 33
    NEW          shift, and go to state 41
    OPINCREMENT  shift, and go to state 42
    OPDECREMENT  shift, and go to state 43
    '+'          shift, and go to state 45
    '-'          shift, and go to state 46
    '('          shift, and go to state 47
    '!'          shift, and go to state 49

    $default  reduce using rule 119 (OptDecrOrIncr)

    OrExpr         go to state 173
    AndExpr        go to state 67
    RelExpr        go to state 68
    SimpleExpr     go to state 69
    TermList       go to state 70
    Term           go to state 71
    NotFact        go to state 72
    Fact           go to state 73
    DudeWtf        go to state 74
    OptDecrOrIncr  go to state 75


State 140

   77 OrExprList: OrExprList MULTIPLYASSIGN . OrExpr

    NUMBER       shift, and go to state 30
    FALSE        shift, and go to state 31
    TRUE         shift, and go to state 32
    NULLPTR      shift, and go to state 33
    NEW          shift, and go to state 41
    OPINCREMENT  shift, and go to state 42
    OPDECREMENT  shift, and go to state 43
    '+'          shift, and go to state 45
    '-'          shift, and go to state 46
    '('          shift, and go to state 47
    '!'          shift, and go to state 49

    $default  reduce using rule 119 (OptDecrOrIncr)

    OrExpr         go to state 174
    AndExpr        go to state 67
    RelExpr        go to state 68
    SimpleExpr     go to state 69
    TermList       go to state 70
    Term           go to state 71
    NotFact        go to state 72
    Fact           go to state 73
    DudeWtf        go to state 74
    OptDecrOrIncr  go to state 75


State 141

   78 OrExprList: OrExprList DIVIDEASSIGN . OrExpr

    NUMBER       shift, and go to state 30
    FALSE        shift, and go to state 31
    TRUE         shift, and go to state 32
    NULLPTR      shift, and go to state 33
    NEW          shift, and go to state 41
    OPINCREMENT  shift, and go to state 42
    OPDECREMENT  shift, and go to state 43
    '+'          shift, and go to state 45
    '-'          shift, and go to state 46
    '('          shift, and go to state 47
    '!'          shift, and go to state 49

    $default  reduce using rule 119 (OptDecrOrIncr)

    OrExpr         go to state 175
    AndExpr        go to state 67
    RelExpr        go to state 68
    SimpleExpr     go to state 69
    TermList       go to state 70
    Term           go to state 71
    NotFact        go to state 72
    Fact           go to state 73
    DudeWtf        go to state 74
    OptDecrOrIncr  go to state 75


State 142

   79 OrExprList: OrExprList MODULOASSIGN . OrExpr

    NUMBER       shift, and go to state 30
    FALSE        shift, and go to state 31
    TRUE         shift, and go to state 32
    NULLPTR      shift, and go to state 33
    NEW          shift, and go to state 41
    OPINCREMENT  shift, and go to state 42
    OPDECREMENT  shift, and go to state 43
    '+'          shift, and go to state 45
    '-'          shift, and go to state 46
    '('          shift, and go to state 47
    '!'          shift, and go to state 49

    $default  reduce using rule 119 (OptDecrOrIncr)

    OrExpr         go to state 176
    AndExpr        go to state 67
    RelExpr        go to state 68
    SimpleExpr     go to state 69
    TermList       go to state 70
    Term           go to state 71
    NotFact        go to state 72
    Fact           go to state 73
    DudeWtf        go to state 74
    OptDecrOrIncr  go to state 75


State 143

   74 OrExprList: OrExprList '=' . OrExpr

    NUMBER       shift, and go to state 30
    FALSE        shift, and go to state 31
    TRUE         shift, and go to state 32
    NULLPTR      shift, and go to state 33
    NEW          shift, and go to state 41
    OPINCREMENT  shift, and go to state 42
    OPDECREMENT  shift, and go to state 43
    '+'          shift, and go to state 45
    '-'          shift, and go to state 46
    '('          shift, and go to state 47
    '!'          shift, and go to state 49

    $default  reduce using rule 119 (OptDecrOrIncr)

    OrExpr         go to state 177
    AndExpr        go to state 67
    RelExpr        go to state 68
    SimpleExpr     go to state 69
    TermList       go to state 70
    Term           go to state 71
    NotFact        go to state 72
    Fact           go to state 73
    DudeWtf        go to state 74
    OptDecrOrIncr  go to state 75


State 144

   82 AndExprList: AndExprList LOGICALOR . AndExpr

    NUMBER       shift, and go to state 30
    FALSE        shift, and go to state 31
    TRUE         shift, and go to state 32
    NULLPTR      shift, and go to state 33
    NEW          shift, and go to state 41
    OPINCREMENT  shift, and go to state 42
    OPDECREMENT  shift, and go to state 43
    '+'          shift, and go to state 45
    '-'          shift, and go to state 46
    '('          shift, and go to state 47
    '!'          shift, and go to state 49

    $default  reduce using rule 119 (OptDecrOrIncr)

    AndExpr        go to state 178
    RelExpr        go to state 68
    SimpleExpr     go to state 69
    TermList       go to state 70
    Term           go to state 71
    NotFact        go to state 72
    Fact           go to state 73
    DudeWtf        go to state 74
    OptDecrOrIncr  go to state 75


State 145

   85 RelExprList: RelExprList LOGICALAND . RelExpr

    NUMBER       shift, and go to state 30
    FALSE        shift, and go to state 31
    TRUE         shift, and go to state 32
    NULLPTR      shift, and go to state 33
    NEW          shift, and go to state 41
    OPINCREMENT  shift, and go to state 42
    OPDECREMENT  shift, and go to state 43
    '+'          shift, and go to state 45
    '-'          shift, and go to state 46
    '('          shift, and go to state 47
    '!'          shift, and go to state 49

    $default  reduce using rule 119 (OptDecrOrIncr)

    RelExpr        go to state 179
    SimpleExpr     go to state 69
    TermList       go to state 70
    Term           go to state 71
    NotFact        go to state 72
    Fact           go to state 73
    DudeWtf        go to state 74
    OptDecrOrIncr  go to state 75


State 146

   88 SimpleExprList: SimpleExprList OPEQUAL . SimpleExpr

    NUMBER       shift, and go to state 30
    FALSE        shift, and go to state 31
    TRUE         shift, and go to state 32
    NULLPTR      shift, and go to state 33
    NEW          shift, and go to state 41
    OPINCREMENT  shift, and go to state 42
    OPDECREMENT  shift, and go to state 43
    '+'          shift, and go to state 45
    '-'          shift, and go to state 46
    '('          shift, and go to state 47
    '!'          shift, and go to state 49

    $default  reduce using rule 119 (OptDecrOrIncr)

    SimpleExpr     go to state 180
    TermList       go to state 70
    Term           go to state 71
    NotFact        go to state 72
    Fact           go to state 73
    DudeWtf        go to state 74
    OptDecrOrIncr  go to state 75


State 147

   89 SimpleExprList: SimpleExprList OPNOTEQUAL . SimpleExpr

    NUMBER       shift, and go to state 30
    FALSE        shift, and go to state 31
    TRUE         shift, and go to state 32
    NULLPTR      shift, and go to state 33
    NEW          shift, and go to state 41
    OPINCREMENT  shift, and go to state 42
    OPDECREMENT  shift, and go to state 43
    '+'          shift, and go to state 45
    '-'          shift, and go to state 46
    '('          shift, and go to state 47
    '!'          shift, and go to state 49

    $default  reduce using rule 119 (OptDecrOrIncr)

    SimpleExpr     go to state 181
    TermList       go to state 70
    Term           go to state 71
    NotFact        go to state 72
    Fact           go to state 73
    DudeWtf        go to state 74
    OptDecrOrIncr  go to state 75


State 148

   90 SimpleExprList: SimpleExprList OPLESS . SimpleExpr

    NUMBER       shift, and go to state 30
    FALSE        shift, and go to state 31
    TRUE         shift, and go to state 32
    NULLPTR      shift, and go to state 33
    NEW          shift, and go to state 41
    OPINCREMENT  shift, and go to state 42
    OPDECREMENT  shift, and go to state 43
    '+'          shift, and go to state 45
    '-'          shift, and go to state 46
    '('          shift, and go to state 47
    '!'          shift, and go to state 49

    $default  reduce using rule 119 (OptDecrOrIncr)

    SimpleExpr     go to state 182
    TermList       go to state 70
    Term           go to state 71
    NotFact        go to state 72
    Fact           go to state 73
    DudeWtf        go to state 74
    OptDecrOrIncr  go to state 75


State 149

   91 SimpleExprList: SimpleExprList OPLESSEQUAL . SimpleExpr

    NUMBER       shift, and go to state 30
    FALSE        shift, and go to state 31
    TRUE         shift, and go to state 32
    NULLPTR      shift, and go to state 33
    NEW          shift, and go to state 41
    OPINCREMENT  shift, and go to state 42
    OPDECREMENT  shift, and go to state 43
    '+'          shift, and go to state 45
    '-'          shift, and go to state 46
    '('          shift, and go to state 47
    '!'          shift, and go to state 49

    $default  reduce using rule 119 (OptDecrOrIncr)

    SimpleExpr     go to state 183
    TermList       go to state 70
    Term           go to state 71
    NotFact        go to state 72
    Fact           go to state 73
    DudeWtf        go to state 74
    OptDecrOrIncr  go to state 75


State 150

   92 SimpleExprList: SimpleExprList OPGREATER . SimpleExpr

    NUMBER       shift, and go to state 30
    FALSE        shift, and go to state 31
    TRUE         shift, and go to state 32
    NULLPTR      shift, and go to state 33
    NEW          shift, and go to state 41
    OPINCREMENT  shift, and go to state 42
    OPDECREMENT  shift, and go to state 43
    '+'          shift, and go to state 45
    '-'          shift, and go to state 46
    '('          shift, and go to state 47
    '!'          shift, and go to state 49

    $default  reduce using rule 119 (OptDecrOrIncr)

    SimpleExpr     go to state 184
    TermList       go to state 70
    Term           go to state 71
    NotFact        go to state 72
    Fact           go to state 73
    DudeWtf        go to state 74
    OptDecrOrIncr  go to state 75


State 151

   93 SimpleExprList: SimpleExprList OPGREATEREQUAL . SimpleExpr

    NUMBER       shift, and go to state 30
    FALSE        shift, and go to state 31
    TRUE         shift, and go to state 32
    NULLPTR      shift, and go to state 33
    NEW          shift, and go to state 41
    OPINCREMENT  shift, and go to state 42
    OPDECREMENT  shift, and go to state 43
    '+'          shift, and go to state 45
    '-'          shift, and go to state 46
    '('          shift, and go to state 47
    '!'          shift, and go to state 49

    $default  reduce using rule 119 (OptDecrOrIncr)

    SimpleExpr     go to state 185
    TermList       go to state 70
    Term           go to state 71
    NotFact        go to state 72
    Fact           go to state 73
    DudeWtf        go to state 74
    OptDecrOrIncr  go to state 75


State 152

   98 TermList: TermList '+' Term .

    $default  reduce using rule 98 (TermList)


State 153

   99 TermList: TermList '-' Term .

    $default  reduce using rule 99 (TermList)


State 154

  102 NotFactList: NotFactList '*' . NotFact

    NUMBER       shift, and go to state 30
    FALSE        shift, and go to state 31
    TRUE         shift, and go to state 32
    NULLPTR      shift, and go to state 33
    NEW          shift, and go to state 41
    OPINCREMENT  shift, and go to state 42
    OPDECREMENT  shift, and go to state 43
    '('          shift, and go to state 47
    '!'          shift, and go to state 49

    $default  reduce using rule 119 (OptDecrOrIncr)

    NotFact        go to state 186
    Fact           go to state 73
    DudeWtf        go to state 74
    OptDecrOrIncr  go to state 75


State 155

  103 NotFactList: NotFactList '/' . NotFact

    NUMBER       shift, and go to state 30
    FALSE        shift, and go to state 31
    TRUE         shift, and go to state 32
    NULLPTR      shift, and go to state 33
    NEW          shift, and go to state 41
    OPINCREMENT  shift, and go to state 42
    OPDECREMENT  shift, and go to state 43
    '('          shift, and go to state 47
    '!'          shift, and go to state 49

    $default  reduce using rule 119 (OptDecrOrIncr)

    NotFact        go to state 187
    Fact           go to state 73
    DudeWtf        go to state 74
    OptDecrOrIncr  go to state 75


State 156

  104 NotFactList: NotFactList '%' . NotFact

    NUMBER       shift, and go to state 30
    FALSE        shift, and go to state 31
    TRUE         shift, and go to state 32
    NULLPTR      shift, and go to state 33
    NEW          shift, and go to state 41
    OPINCREMENT  shift, and go to state 42
    OPDECREMENT  shift, and go to state 43
    '('          shift, and go to state 47
    '!'          shift, and go to state 49

    $default  reduce using rule 119 (OptDecrOrIncr)

    NotFact        go to state 188
    Fact           go to state 73
    DudeWtf        go to state 74
    OptDecrOrIncr  go to state 75


State 157

  117 WeirdIdentShit: '(' . ActParList ')'
  118               | '(' . ')'

    NUMBER       shift, and go to state 30
    FALSE        shift, and go to state 31
    TRUE         shift, and go to state 32
    NULLPTR      shift, and go to state 33
    NEW          shift, and go to state 41
    OPINCREMENT  shift, and go to state 42
    OPDECREMENT  shift, and go to state 43
    '+'          shift, and go to state 45
    '-'          shift, and go to state 46
    '('          shift, and go to state 47
    ')'          shift, and go to state 189
    '!'          shift, and go to state 49

    $default  reduce using rule 119 (OptDecrOrIncr)

    Expr           go to state 190
    OrExpr         go to state 66
    AndExpr        go to state 67
    RelExpr        go to state 68
    SimpleExpr     go to state 69
    TermList       go to state 70
    Term           go to state 71
    NotFact        go to state 72
    Fact           go to state 73
    DudeWtf        go to state 74
    OptDecrOrIncr  go to state 75
    ActParList     go to state 191


State 158

  116 WeirdIdentShit: '[' . Expr ']'

    NUMBER       shift, and go to state 30
    FALSE        shift, and go to state 31
    TRUE         shift, and go to state 32
    NULLPTR      shift, and go to state 33
    NEW          shift, and go to state 41
    OPINCREMENT  shift, and go to state 42
    OPDECREMENT  shift, and go to state 43
    '+'          shift, and go to state 45
    '-'          shift, and go to state 46
    '('          shift, and go to state 47
    '!'          shift, and go to state 49

    $default  reduce using rule 119 (OptDecrOrIncr)

    Expr           go to state 192
    OrExpr         go to state 66
    AndExpr        go to state 67
    RelExpr        go to state 68
    SimpleExpr     go to state 69
    TermList       go to state 70
    Term           go to state 71
    NotFact        go to state 72
    Fact           go to state 73
    DudeWtf        go to state 74
    OptDecrOrIncr  go to state 75


State 159

  114 DudeWtf: OptDecrOrIncr IDENT WeirdIdentShit . OptDecrOrIncr

    OPINCREMENT  shift, and go to state 42
    OPDECREMENT  shift, and go to state 43

    OPINCREMENT  [reduce using rule 119 (OptDecrOrIncr)]
    OPDECREMENT  [reduce using rule 119 (OptDecrOrIncr)]
    $default     reduce using rule 119 (OptDecrOrIncr)

    OptDecrOrIncr  go to state 193


State 160

   32 TypeIdentList: TypeIdentList ',' . TypeIdent

    VOID  shift, and go to state 5
    BOOL  shift, and go to state 6
    INT   shift, and go to state 7

    TypeIdent  go to state 194
    Type       go to state 85


State 161

   35 TypeIdent: Type IDENT '[' . ']'

    ']'  shift, and go to state 195


State 162

   33 TypeIdent: Type '*' IDENT . '[' ']'
   34          | Type '*' IDENT .

    '['  shift, and go to state 196

    $default  reduce using rule 34 (TypeIdent)


State 163

   28 FuncHead: Type '*' IDENT '(' FormParList ')' .

    $default  reduce using rule 28 (FuncHead)


State 164

   10 IdentList: IdentList ',' IDENT . Init

    '='  shift, and go to state 24

    Init  go to state 197


State 165

   57 IfStat: IF '(' Expr ')' . Stat StatList

    NUMBER       shift, and go to state 30
    FALSE        shift, and go to state 31
    TRUE         shift, and go to state 32
    NULLPTR      shift, and go to state 33
    IF           shift, and go to state 34
    WHILE        shift, and go to state 35
    BREAK        shift, and go to state 36
    CIN          shift, and go to state 37
    COUT         shift, and go to state 38
    DELETE       shift, and go to state 39
    RETURN       shift, and go to state 40
    NEW          shift, and go to state 41
    OPINCREMENT  shift, and go to state 42
    OPDECREMENT  shift, and go to state 43
    ';'          shift, and go to state 44
    '+'          shift, and go to state 45
    '-'          shift, and go to state 46
    '('          shift, and go to state 47
    '{'          shift, and go to state 17
    '!'          shift, and go to state 49

    $default  reduce using rule 119 (OptDecrOrIncr)

    Block          go to state 53
    Stat           go to state 198
    EmptyStat      go to state 55
    BlockStat      go to state 56
    ExprStat       go to state 57
    IfStat         go to state 58
    WhileStat      go to state 59
    BreakStat      go to state 60
    InputStat      go to state 61
    OutputStat     go to state 62
    DeleteStat     go to state 63
    ReturnStat     go to state 64
    Expr           go to state 65
    OrExpr         go to state 66
    AndExpr        go to state 67
    RelExpr        go to state 68
    SimpleExpr     go to state 69
    TermList       go to state 70
    Term           go to state 71
    NotFact        go to state 72
    Fact           go to state 73
    DudeWtf        go to state 74
    OptDecrOrIncr  go to state 75


State 166

   60 WhileStat: WHILE '(' Expr ')' .

    $default  reduce using rule 60 (WhileStat)


State 167

   62 InputStat: CIN OPSHIFTRIGHT IDENT ';' .

    $default  reduce using rule 62 (InputStat)


State 168

   63 OutputStat: COUT CoutRight CoutRightList ';' .

    $default  reduce using rule 63 (OutputStat)


State 169

   65 CoutRightList: CoutRightList CoutRight .

    $default  reduce using rule 65 (CoutRightList)


State 170

   69 DeleteStat: DELETE '[' ']' IDENT . ';'

    ';'  shift, and go to state 199


State 171

  112 Fact: NEW Type '[' Expr . ']'

    ']'  shift, and go to state 200


State 172

   75 OrExprList: OrExprList ADDASSIGN OrExpr .

    $default  reduce using rule 75 (OrExprList)


State 173

   76 OrExprList: OrExprList SUBTRACTASSIGN OrExpr .

    $default  reduce using rule 76 (OrExprList)


State 174

   77 OrExprList: OrExprList MULTIPLYASSIGN OrExpr .

    $default  reduce using rule 77 (OrExprList)


State 175

   78 OrExprList: OrExprList DIVIDEASSIGN OrExpr .

    $default  reduce using rule 78 (OrExprList)


State 176

   79 OrExprList: OrExprList MODULOASSIGN OrExpr .

    $default  reduce using rule 79 (OrExprList)


State 177

   74 OrExprList: OrExprList '=' OrExpr .

    $default  reduce using rule 74 (OrExprList)


State 178

   82 AndExprList: AndExprList LOGICALOR AndExpr .

    $default  reduce using rule 82 (AndExprList)


State 179

   85 RelExprList: RelExprList LOGICALAND RelExpr .

    $default  reduce using rule 85 (RelExprList)


State 180

   88 SimpleExprList: SimpleExprList OPEQUAL SimpleExpr .

    $default  reduce using rule 88 (SimpleExprList)


State 181

   89 SimpleExprList: SimpleExprList OPNOTEQUAL SimpleExpr .

    $default  reduce using rule 89 (SimpleExprList)


State 182

   90 SimpleExprList: SimpleExprList OPLESS SimpleExpr .

    $default  reduce using rule 90 (SimpleExprList)


State 183

   91 SimpleExprList: SimpleExprList OPLESSEQUAL SimpleExpr .

    $default  reduce using rule 91 (SimpleExprList)


State 184

   92 SimpleExprList: SimpleExprList OPGREATER SimpleExpr .

    $default  reduce using rule 92 (SimpleExprList)


State 185

   93 SimpleExprList: SimpleExprList OPGREATEREQUAL SimpleExpr .

    $default  reduce using rule 93 (SimpleExprList)


State 186

  102 NotFactList: NotFactList '*' NotFact .

    $default  reduce using rule 102 (NotFactList)


State 187

  103 NotFactList: NotFactList '/' NotFact .

    $default  reduce using rule 103 (NotFactList)


State 188

  104 NotFactList: NotFactList '%' NotFact .

    $default  reduce using rule 104 (NotFactList)


State 189

  118 WeirdIdentShit: '(' ')' .

    $default  reduce using rule 118 (WeirdIdentShit)


State 190

  122 ActParList: Expr . ExprList

    $default  reduce using rule 123 (ExprList)

    ExprList  go to state 201


State 191

  117 WeirdIdentShit: '(' ActParList . ')'

    ')'  shift, and go to state 202


State 192

  116 WeirdIdentShit: '[' Expr . ']'

    ']'  shift, and go to state 203


State 193

  114 DudeWtf: OptDecrOrIncr IDENT WeirdIdentShit OptDecrOrIncr .

    $default  reduce using rule 114 (DudeWtf)


State 194

   32 TypeIdentList: TypeIdentList ',' TypeIdent .

    $default  reduce using rule 32 (TypeIdentList)


State 195

   35 TypeIdent: Type IDENT '[' ']' .

    $default  reduce using rule 35 (TypeIdent)


State 196

   33 TypeIdent: Type '*' IDENT '[' . ']'

    ']'  shift, and go to state 204


State 197

   10 IdentList: IdentList ',' IDENT Init .

    $default  reduce using rule 10 (IdentList)


State 198

   57 IfStat: IF '(' Expr ')' Stat . StatList

    $default  reduce using rule 58 (StatList)

    StatList  go to state 205


State 199

   69 DeleteStat: DELETE '[' ']' IDENT ';' .

    $default  reduce using rule 69 (DeleteStat)


State 200

  112 Fact: NEW Type '[' Expr ']' .

    $default  reduce using rule 112 (Fact)


State 201

  122 ActParList: Expr ExprList .
  124 ExprList: ExprList . ',' Expr

    ','  shift, and go to state 206

    $default  reduce using rule 122 (ActParList)


State 202

  117 WeirdIdentShit: '(' ActParList ')' .

    $default  reduce using rule 117 (WeirdIdentShit)


State 203

  116 WeirdIdentShit: '[' Expr ']' .

    $default  reduce using rule 116 (WeirdIdentShit)


State 204

   33 TypeIdent: Type '*' IDENT '[' ']' .

    $default  reduce using rule 33 (TypeIdent)


State 205

   57 IfStat: IF '(' Expr ')' Stat StatList .
   59 StatList: StatList . ELSE Stat

    ELSE  shift, and go to state 207

    ELSE      [reduce using rule 57 (IfStat)]
    $default  reduce using rule 57 (IfStat)


State 206

  124 ExprList: ExprList ',' . Expr

    NUMBER       shift, and go to state 30
    FALSE        shift, and go to state 31
    TRUE         shift, and go to state 32
    NULLPTR      shift, and go to state 33
    NEW          shift, and go to state 41
    OPINCREMENT  shift, and go to state 42
    OPDECREMENT  shift, and go to state 43
    '+'          shift, and go to state 45
    '-'          shift, and go to state 46
    '('          shift, and go to state 47
    '!'          shift, and go to state 49

    $default  reduce using rule 119 (OptDecrOrIncr)

    Expr           go to state 208
    OrExpr         go to state 66
    AndExpr        go to state 67
    RelExpr        go to state 68
    SimpleExpr     go to state 69
    TermList       go to state 70
    Term           go to state 71
    NotFact        go to state 72
    Fact           go to state 73
    DudeWtf        go to state 74
    OptDecrOrIncr  go to state 75


State 207

   59 StatList: StatList ELSE . Stat

    NUMBER       shift, and go to state 30
    FALSE        shift, and go to state 31
    TRUE         shift, and go to state 32
    NULLPTR      shift, and go to state 33
    IF           shift, and go to state 34
    WHILE        shift, and go to state 35
    BREAK        shift, and go to state 36
    CIN          shift, and go to state 37
    COUT         shift, and go to state 38
    DELETE       shift, and go to state 39
    RETURN       shift, and go to state 40
    NEW          shift, and go to state 41
    OPINCREMENT  shift, and go to state 42
    OPDECREMENT  shift, and go to state 43
    ';'          shift, and go to state 44
    '+'          shift, and go to state 45
    '-'          shift, and go to state 46
    '('          shift, and go to state 47
    '{'          shift, and go to state 17
    '!'          shift, and go to state 49

    $default  reduce using rule 119 (OptDecrOrIncr)

    Block          go to state 53
    Stat           go to state 209
    EmptyStat      go to state 55
    BlockStat      go to state 56
    ExprStat       go to state 57
    IfStat         go to state 58
    WhileStat      go to state 59
    BreakStat      go to state 60
    InputStat      go to state 61
    OutputStat     go to state 62
    DeleteStat     go to state 63
    ReturnStat     go to state 64
    Expr           go to state 65
    OrExpr         go to state 66
    AndExpr        go to state 67
    RelExpr        go to state 68
    SimpleExpr     go to state 69
    TermList       go to state 70
    Term           go to state 71
    NotFact        go to state 72
    Fact           go to state 73
    DudeWtf        go to state 74
    OptDecrOrIncr  go to state 75


State 208

  124 ExprList: ExprList ',' Expr .

    $default  reduce using rule 124 (ExprList)


State 209

   59 StatList: StatList ELSE Stat .

    $default  reduce using rule 59 (StatList)
